[2021-10-24 09:39:50] local.ERROR: There are no commands defined in the "scheduler" namespace.

Did you mean this?
    schedule {"exception":"[object] (Symfony\\Component\\Console\\Exception\\NamespaceNotFoundException(code: 0): There are no commands defined in the \"scheduler\" namespace.

Did you mean this?
    schedule at /mnt/c/xampp/htdocs/my-client/ar-ems/vendor/symfony/console/Application.php:604)
[stacktrace]
#0 /mnt/c/xampp/htdocs/my-client/ar-ems/vendor/symfony/console/Application.php(657): Symfony\\Component\\Console\\Application->findNamespace()
#1 /mnt/c/xampp/htdocs/my-client/ar-ems/vendor/symfony/console/Application.php(237): Symfony\\Component\\Console\\Application->find()
#2 /mnt/c/xampp/htdocs/my-client/ar-ems/vendor/symfony/console/Application.php(149): Symfony\\Component\\Console\\Application->doRun()
#3 /mnt/c/xampp/htdocs/my-client/ar-ems/vendor/laravel/framework/src/Illuminate/Console/Application.php(93): Symfony\\Component\\Console\\Application->run()
#4 /mnt/c/xampp/htdocs/my-client/ar-ems/vendor/laravel/framework/src/Illuminate/Foundation/Console/Kernel.php(131): Illuminate\\Console\\Application->run()
#5 /mnt/c/xampp/htdocs/my-client/ar-ems/artisan(37): Illuminate\\Foundation\\Console\\Kernel->handle()
#6 {main}
"} 
[2021-10-24 09:39:50] local.ERROR: could not find driver (SQL: select count(*) as aggregate from `telescope_entries` where `type` = exception and `family_hash` = 955dbf11c0a3287df8cbb1c44f17d971) {"exception":"[object] (Illuminate\\Database\\QueryException(code: 0): could not find driver (SQL: select count(*) as aggregate from `telescope_entries` where `type` = exception and `family_hash` = 955dbf11c0a3287df8cbb1c44f17d971) at /mnt/c/xampp/htdocs/my-client/ar-ems/vendor/laravel/framework/src/Illuminate/Database/Connection.php:669)
[stacktrace]
#0 /mnt/c/xampp/htdocs/my-client/ar-ems/vendor/laravel/framework/src/Illuminate/Database/Connection.php(629): Illuminate\\Database\\Connection->runQueryCallback()
#1 /mnt/c/xampp/htdocs/my-client/ar-ems/vendor/laravel/framework/src/Illuminate/Database/Connection.php(338): Illuminate\\Database\\Connection->run()
#2 /mnt/c/xampp/htdocs/my-client/ar-ems/vendor/laravel/framework/src/Illuminate/Database/Query/Builder.php(2159): Illuminate\\Database\\Connection->select()
#3 /mnt/c/xampp/htdocs/my-client/ar-ems/vendor/laravel/framework/src/Illuminate/Database/Query/Builder.php(2147): Illuminate\\Database\\Query\\Builder->runSelect()
#4 /mnt/c/xampp/htdocs/my-client/ar-ems/vendor/laravel/framework/src/Illuminate/Database/Query/Builder.php(2619): Illuminate\\Database\\Query\\Builder->Illuminate\\Database\\Query\\{closure}()
#5 /mnt/c/xampp/htdocs/my-client/ar-ems/vendor/laravel/framework/src/Illuminate/Database/Query/Builder.php(2148): Illuminate\\Database\\Query\\Builder->onceWithColumns()
#6 /mnt/c/xampp/htdocs/my-client/ar-ems/vendor/laravel/framework/src/Illuminate/Database/Query/Builder.php(2546): Illuminate\\Database\\Query\\Builder->get()
#7 /mnt/c/xampp/htdocs/my-client/ar-ems/vendor/laravel/framework/src/Illuminate/Database/Query/Builder.php(2474): Illuminate\\Database\\Query\\Builder->aggregate()
#8 /mnt/c/xampp/htdocs/my-client/ar-ems/vendor/laravel/telescope/src/Storage/DatabaseEntriesRepository.php(122): Illuminate\\Database\\Query\\Builder->count()
#9 /mnt/c/xampp/htdocs/my-client/ar-ems/vendor/laravel/telescope/src/Storage/DatabaseEntriesRepository.php(164): Laravel\\Telescope\\Storage\\DatabaseEntriesRepository->countExceptionOccurences()
#10 [internal function]: Laravel\\Telescope\\Storage\\DatabaseEntriesRepository->Laravel\\Telescope\\Storage\\{closure}()
#11 /mnt/c/xampp/htdocs/my-client/ar-ems/vendor/laravel/framework/src/Illuminate/Support/Collection.php(638): array_map()
#12 /mnt/c/xampp/htdocs/my-client/ar-ems/vendor/laravel/telescope/src/Storage/DatabaseEntriesRepository.php(177): Illuminate\\Support\\Collection->map()
#13 /mnt/c/xampp/htdocs/my-client/ar-ems/vendor/laravel/framework/src/Illuminate/Support/Traits/EnumeratesValues.php(176): Laravel\\Telescope\\Storage\\DatabaseEntriesRepository->Laravel\\Telescope\\Storage\\{closure}()
#14 /mnt/c/xampp/htdocs/my-client/ar-ems/vendor/laravel/telescope/src/Storage/DatabaseEntriesRepository.php(178): Illuminate\\Support\\Collection->each()
#15 /mnt/c/xampp/htdocs/my-client/ar-ems/vendor/laravel/telescope/src/Storage/DatabaseEntriesRepository.php(139): Laravel\\Telescope\\Storage\\DatabaseEntriesRepository->storeExceptions()
#16 /mnt/c/xampp/htdocs/my-client/ar-ems/vendor/laravel/telescope/src/Telescope.php(567): Laravel\\Telescope\\Storage\\DatabaseEntriesRepository->store()
#17 /mnt/c/xampp/htdocs/my-client/ar-ems/vendor/laravel/telescope/src/ListensForStorageOpportunities.php(44): Laravel\\Telescope\\Telescope::store()
#18 /mnt/c/xampp/htdocs/my-client/ar-ems/vendor/laravel/framework/src/Illuminate/Container/BoundMethod.php(36): Laravel\\Telescope\\Telescope::Laravel\\Telescope\\{closure}()
#19 /mnt/c/xampp/htdocs/my-client/ar-ems/vendor/laravel/framework/src/Illuminate/Container/Util.php(37): Illuminate\\Container\\BoundMethod::Illuminate\\Container\\{closure}()
#20 /mnt/c/xampp/htdocs/my-client/ar-ems/vendor/laravel/framework/src/Illuminate/Container/BoundMethod.php(81): Illuminate\\Container\\Util::unwrapIfClosure()
#21 /mnt/c/xampp/htdocs/my-client/ar-ems/vendor/laravel/framework/src/Illuminate/Container/BoundMethod.php(37): Illuminate\\Container\\BoundMethod::callBoundMethod()
#22 /mnt/c/xampp/htdocs/my-client/ar-ems/vendor/laravel/framework/src/Illuminate/Container/Container.php(590): Illuminate\\Container\\BoundMethod::call()
#23 /mnt/c/xampp/htdocs/my-client/ar-ems/vendor/laravel/framework/src/Illuminate/Foundation/Application.php(1067): Illuminate\\Container\\Container->call()
#24 /mnt/c/xampp/htdocs/my-client/ar-ems/vendor/laravel/framework/src/Illuminate/Foundation/Console/Kernel.php(158): Illuminate\\Foundation\\Application->terminate()
#25 /mnt/c/xampp/htdocs/my-client/ar-ems/artisan(51): Illuminate\\Foundation\\Console\\Kernel->terminate()
#26 {main}

[previous exception] [object] (PDOException(code: 0): could not find driver at /mnt/c/xampp/htdocs/my-client/ar-ems/vendor/laravel/framework/src/Illuminate/Database/Connectors/Connector.php:70)
[stacktrace]
#0 /mnt/c/xampp/htdocs/my-client/ar-ems/vendor/laravel/framework/src/Illuminate/Database/Connectors/Connector.php(70): PDO->__construct()
#1 /mnt/c/xampp/htdocs/my-client/ar-ems/vendor/laravel/framework/src/Illuminate/Database/Connectors/Connector.php(46): Illuminate\\Database\\Connectors\\Connector->createPdoConnection()
#2 /mnt/c/xampp/htdocs/my-client/ar-ems/vendor/laravel/framework/src/Illuminate/Database/Connectors/MySqlConnector.php(24): Illuminate\\Database\\Connectors\\Connector->createConnection()
#3 /mnt/c/xampp/htdocs/my-client/ar-ems/vendor/laravel/framework/src/Illuminate/Database/Connectors/ConnectionFactory.php(182): Illuminate\\Database\\Connectors\\MySqlConnector->connect()
#4 [internal function]: Illuminate\\Database\\Connectors\\ConnectionFactory->Illuminate\\Database\\Connectors\\{closure}()
#5 /mnt/c/xampp/htdocs/my-client/ar-ems/vendor/laravel/framework/src/Illuminate/Database/Connection.php(924): call_user_func()
#6 /mnt/c/xampp/htdocs/my-client/ar-ems/vendor/laravel/framework/src/Illuminate/Database/Connection.php(959): Illuminate\\Database\\Connection->getPdo()
#7 /mnt/c/xampp/htdocs/my-client/ar-ems/vendor/laravel/framework/src/Illuminate/Database/Connection.php(404): Illuminate\\Database\\Connection->getReadPdo()
#8 /mnt/c/xampp/htdocs/my-client/ar-ems/vendor/laravel/framework/src/Illuminate/Database/Connection.php(330): Illuminate\\Database\\Connection->getPdoForSelect()
#9 /mnt/c/xampp/htdocs/my-client/ar-ems/vendor/laravel/framework/src/Illuminate/Database/Connection.php(662): Illuminate\\Database\\Connection->Illuminate\\Database\\{closure}()
#10 /mnt/c/xampp/htdocs/my-client/ar-ems/vendor/laravel/framework/src/Illuminate/Database/Connection.php(629): Illuminate\\Database\\Connection->runQueryCallback()
#11 /mnt/c/xampp/htdocs/my-client/ar-ems/vendor/laravel/framework/src/Illuminate/Database/Connection.php(338): Illuminate\\Database\\Connection->run()
#12 /mnt/c/xampp/htdocs/my-client/ar-ems/vendor/laravel/framework/src/Illuminate/Database/Query/Builder.php(2159): Illuminate\\Database\\Connection->select()
#13 /mnt/c/xampp/htdocs/my-client/ar-ems/vendor/laravel/framework/src/Illuminate/Database/Query/Builder.php(2147): Illuminate\\Database\\Query\\Builder->runSelect()
#14 /mnt/c/xampp/htdocs/my-client/ar-ems/vendor/laravel/framework/src/Illuminate/Database/Query/Builder.php(2619): Illuminate\\Database\\Query\\Builder->Illuminate\\Database\\Query\\{closure}()
#15 /mnt/c/xampp/htdocs/my-client/ar-ems/vendor/laravel/framework/src/Illuminate/Database/Query/Builder.php(2148): Illuminate\\Database\\Query\\Builder->onceWithColumns()
#16 /mnt/c/xampp/htdocs/my-client/ar-ems/vendor/laravel/framework/src/Illuminate/Database/Query/Builder.php(2546): Illuminate\\Database\\Query\\Builder->get()
#17 /mnt/c/xampp/htdocs/my-client/ar-ems/vendor/laravel/framework/src/Illuminate/Database/Query/Builder.php(2474): Illuminate\\Database\\Query\\Builder->aggregate()
#18 /mnt/c/xampp/htdocs/my-client/ar-ems/vendor/laravel/telescope/src/Storage/DatabaseEntriesRepository.php(122): Illuminate\\Database\\Query\\Builder->count()
#19 /mnt/c/xampp/htdocs/my-client/ar-ems/vendor/laravel/telescope/src/Storage/DatabaseEntriesRepository.php(164): Laravel\\Telescope\\Storage\\DatabaseEntriesRepository->countExceptionOccurences()
#20 [internal function]: Laravel\\Telescope\\Storage\\DatabaseEntriesRepository->Laravel\\Telescope\\Storage\\{closure}()
#21 /mnt/c/xampp/htdocs/my-client/ar-ems/vendor/laravel/framework/src/Illuminate/Support/Collection.php(638): array_map()
#22 /mnt/c/xampp/htdocs/my-client/ar-ems/vendor/laravel/telescope/src/Storage/DatabaseEntriesRepository.php(177): Illuminate\\Support\\Collection->map()
#23 /mnt/c/xampp/htdocs/my-client/ar-ems/vendor/laravel/framework/src/Illuminate/Support/Traits/EnumeratesValues.php(176): Laravel\\Telescope\\Storage\\DatabaseEntriesRepository->Laravel\\Telescope\\Storage\\{closure}()
#24 /mnt/c/xampp/htdocs/my-client/ar-ems/vendor/laravel/telescope/src/Storage/DatabaseEntriesRepository.php(178): Illuminate\\Support\\Collection->each()
#25 /mnt/c/xampp/htdocs/my-client/ar-ems/vendor/laravel/telescope/src/Storage/DatabaseEntriesRepository.php(139): Laravel\\Telescope\\Storage\\DatabaseEntriesRepository->storeExceptions()
#26 /mnt/c/xampp/htdocs/my-client/ar-ems/vendor/laravel/telescope/src/Telescope.php(567): Laravel\\Telescope\\Storage\\DatabaseEntriesRepository->store()
#27 /mnt/c/xampp/htdocs/my-client/ar-ems/vendor/laravel/telescope/src/ListensForStorageOpportunities.php(44): Laravel\\Telescope\\Telescope::store()
#28 /mnt/c/xampp/htdocs/my-client/ar-ems/vendor/laravel/framework/src/Illuminate/Container/BoundMethod.php(36): Laravel\\Telescope\\Telescope::Laravel\\Telescope\\{closure}()
#29 /mnt/c/xampp/htdocs/my-client/ar-ems/vendor/laravel/framework/src/Illuminate/Container/Util.php(37): Illuminate\\Container\\BoundMethod::Illuminate\\Container\\{closure}()
#30 /mnt/c/xampp/htdocs/my-client/ar-ems/vendor/laravel/framework/src/Illuminate/Container/BoundMethod.php(81): Illuminate\\Container\\Util::unwrapIfClosure()
#31 /mnt/c/xampp/htdocs/my-client/ar-ems/vendor/laravel/framework/src/Illuminate/Container/BoundMethod.php(37): Illuminate\\Container\\BoundMethod::callBoundMethod()
#32 /mnt/c/xampp/htdocs/my-client/ar-ems/vendor/laravel/framework/src/Illuminate/Container/Container.php(590): Illuminate\\Container\\BoundMethod::call()
#33 /mnt/c/xampp/htdocs/my-client/ar-ems/vendor/laravel/framework/src/Illuminate/Foundation/Application.php(1067): Illuminate\\Container\\Container->call()
#34 /mnt/c/xampp/htdocs/my-client/ar-ems/vendor/laravel/framework/src/Illuminate/Foundation/Console/Kernel.php(158): Illuminate\\Foundation\\Application->terminate()
#35 /mnt/c/xampp/htdocs/my-client/ar-ems/artisan(51): Illuminate\\Foundation\\Console\\Kernel->terminate()
#36 {main}
"} 
[2021-10-24 09:40:05] local.ERROR: could not find driver (SQL: select * from `elections` where `elections`.`deleted_at` is null) {"exception":"[object] (Illuminate\\Database\\QueryException(code: 0): could not find driver (SQL: select * from `elections` where `elections`.`deleted_at` is null) at /mnt/c/xampp/htdocs/my-client/ar-ems/vendor/laravel/framework/src/Illuminate/Database/Connection.php:669)
[stacktrace]
#0 /mnt/c/xampp/htdocs/my-client/ar-ems/vendor/laravel/framework/src/Illuminate/Database/Connection.php(629): Illuminate\\Database\\Connection->runQueryCallback()
#1 /mnt/c/xampp/htdocs/my-client/ar-ems/vendor/laravel/framework/src/Illuminate/Database/Connection.php(338): Illuminate\\Database\\Connection->run()
#2 /mnt/c/xampp/htdocs/my-client/ar-ems/vendor/laravel/framework/src/Illuminate/Database/Query/Builder.php(2159): Illuminate\\Database\\Connection->select()
#3 /mnt/c/xampp/htdocs/my-client/ar-ems/vendor/laravel/framework/src/Illuminate/Database/Query/Builder.php(2147): Illuminate\\Database\\Query\\Builder->runSelect()
#4 /mnt/c/xampp/htdocs/my-client/ar-ems/vendor/laravel/framework/src/Illuminate/Database/Query/Builder.php(2619): Illuminate\\Database\\Query\\Builder->Illuminate\\Database\\Query\\{closure}()
#5 /mnt/c/xampp/htdocs/my-client/ar-ems/vendor/laravel/framework/src/Illuminate/Database/Query/Builder.php(2148): Illuminate\\Database\\Query\\Builder->onceWithColumns()
#6 /mnt/c/xampp/htdocs/my-client/ar-ems/vendor/laravel/framework/src/Illuminate/Database/Eloquent/Builder.php(546): Illuminate\\Database\\Query\\Builder->get()
#7 /mnt/c/xampp/htdocs/my-client/ar-ems/vendor/laravel/framework/src/Illuminate/Database/Eloquent/Builder.php(530): Illuminate\\Database\\Eloquent\\Builder->getModels()
#8 /mnt/c/xampp/htdocs/my-client/ar-ems/vendor/laravel/framework/src/Illuminate/Support/Traits/ForwardsCalls.php(23): Illuminate\\Database\\Eloquent\\Builder->get()
#9 /mnt/c/xampp/htdocs/my-client/ar-ems/vendor/laravel/framework/src/Illuminate/Database/Eloquent/Model.php(1622): Illuminate\\Database\\Eloquent\\Model->forwardCallTo()
#10 /mnt/c/xampp/htdocs/my-client/ar-ems/vendor/laravel/framework/src/Illuminate/Database/Eloquent/Model.php(1634): Illuminate\\Database\\Eloquent\\Model->__call()
#11 /mnt/c/xampp/htdocs/my-client/ar-ems/app/Console/Kernel.php(33): Illuminate\\Database\\Eloquent\\Model::__callStatic()
#12 /mnt/c/xampp/htdocs/my-client/ar-ems/vendor/laravel/framework/src/Illuminate/Container/BoundMethod.php(36): App\\Console\\Kernel->App\\Console\\{closure}()
#13 /mnt/c/xampp/htdocs/my-client/ar-ems/vendor/laravel/framework/src/Illuminate/Container/BoundMethod.php(36): Closure->__invoke()
#14 /mnt/c/xampp/htdocs/my-client/ar-ems/vendor/laravel/framework/src/Illuminate/Container/Util.php(37): Illuminate\\Container\\BoundMethod::Illuminate\\Container\\{closure}()
#15 /mnt/c/xampp/htdocs/my-client/ar-ems/vendor/laravel/framework/src/Illuminate/Container/BoundMethod.php(93): Illuminate\\Container\\Util::unwrapIfClosure()
#16 /mnt/c/xampp/htdocs/my-client/ar-ems/vendor/laravel/framework/src/Illuminate/Container/BoundMethod.php(37): Illuminate\\Container\\BoundMethod::callBoundMethod()
#17 /mnt/c/xampp/htdocs/my-client/ar-ems/vendor/laravel/framework/src/Illuminate/Container/Container.php(590): Illuminate\\Container\\BoundMethod::call()
#18 /mnt/c/xampp/htdocs/my-client/ar-ems/vendor/laravel/framework/src/Illuminate/Console/Scheduling/CallbackEvent.php(78): Illuminate\\Container\\Container->call()
#19 /mnt/c/xampp/htdocs/my-client/ar-ems/vendor/laravel/framework/src/Illuminate/Console/Scheduling/ScheduleRunCommand.php(130): Illuminate\\Console\\Scheduling\\CallbackEvent->run()
#20 /mnt/c/xampp/htdocs/my-client/ar-ems/vendor/laravel/framework/src/Illuminate/Console/Scheduling/ScheduleRunCommand.php(90): Illuminate\\Console\\Scheduling\\ScheduleRunCommand->runEvent()
#21 /mnt/c/xampp/htdocs/my-client/ar-ems/vendor/laravel/framework/src/Illuminate/Container/BoundMethod.php(36): Illuminate\\Console\\Scheduling\\ScheduleRunCommand->handle()
#22 /mnt/c/xampp/htdocs/my-client/ar-ems/vendor/laravel/framework/src/Illuminate/Container/Util.php(37): Illuminate\\Container\\BoundMethod::Illuminate\\Container\\{closure}()
#23 /mnt/c/xampp/htdocs/my-client/ar-ems/vendor/laravel/framework/src/Illuminate/Container/BoundMethod.php(93): Illuminate\\Container\\Util::unwrapIfClosure()
#24 /mnt/c/xampp/htdocs/my-client/ar-ems/vendor/laravel/framework/src/Illuminate/Container/BoundMethod.php(37): Illuminate\\Container\\BoundMethod::callBoundMethod()
#25 /mnt/c/xampp/htdocs/my-client/ar-ems/vendor/laravel/framework/src/Illuminate/Container/Container.php(590): Illuminate\\Container\\BoundMethod::call()
#26 /mnt/c/xampp/htdocs/my-client/ar-ems/vendor/laravel/framework/src/Illuminate/Console/Command.php(134): Illuminate\\Container\\Container->call()
#27 /mnt/c/xampp/htdocs/my-client/ar-ems/vendor/symfony/console/Command/Command.php(255): Illuminate\\Console\\Command->execute()
#28 /mnt/c/xampp/htdocs/my-client/ar-ems/vendor/laravel/framework/src/Illuminate/Console/Command.php(121): Symfony\\Component\\Console\\Command\\Command->run()
#29 /mnt/c/xampp/htdocs/my-client/ar-ems/vendor/symfony/console/Application.php(1009): Illuminate\\Console\\Command->run()
#30 /mnt/c/xampp/htdocs/my-client/ar-ems/vendor/symfony/console/Application.php(273): Symfony\\Component\\Console\\Application->doRunCommand()
#31 /mnt/c/xampp/htdocs/my-client/ar-ems/vendor/symfony/console/Application.php(149): Symfony\\Component\\Console\\Application->doRun()
#32 /mnt/c/xampp/htdocs/my-client/ar-ems/vendor/laravel/framework/src/Illuminate/Console/Application.php(93): Symfony\\Component\\Console\\Application->run()
#33 /mnt/c/xampp/htdocs/my-client/ar-ems/vendor/laravel/framework/src/Illuminate/Foundation/Console/Kernel.php(131): Illuminate\\Console\\Application->run()
#34 /mnt/c/xampp/htdocs/my-client/ar-ems/artisan(37): Illuminate\\Foundation\\Console\\Kernel->handle()
#35 {main}

[previous exception] [object] (PDOException(code: 0): could not find driver at /mnt/c/xampp/htdocs/my-client/ar-ems/vendor/laravel/framework/src/Illuminate/Database/Connectors/Connector.php:70)
[stacktrace]
#0 /mnt/c/xampp/htdocs/my-client/ar-ems/vendor/laravel/framework/src/Illuminate/Database/Connectors/Connector.php(70): PDO->__construct()
#1 /mnt/c/xampp/htdocs/my-client/ar-ems/vendor/laravel/framework/src/Illuminate/Database/Connectors/Connector.php(46): Illuminate\\Database\\Connectors\\Connector->createPdoConnection()
#2 /mnt/c/xampp/htdocs/my-client/ar-ems/vendor/laravel/framework/src/Illuminate/Database/Connectors/MySqlConnector.php(24): Illuminate\\Database\\Connectors\\Connector->createConnection()
#3 /mnt/c/xampp/htdocs/my-client/ar-ems/vendor/laravel/framework/src/Illuminate/Database/Connectors/ConnectionFactory.php(182): Illuminate\\Database\\Connectors\\MySqlConnector->connect()
#4 [internal function]: Illuminate\\Database\\Connectors\\ConnectionFactory->Illuminate\\Database\\Connectors\\{closure}()
#5 /mnt/c/xampp/htdocs/my-client/ar-ems/vendor/laravel/framework/src/Illuminate/Database/Connection.php(924): call_user_func()
#6 /mnt/c/xampp/htdocs/my-client/ar-ems/vendor/laravel/framework/src/Illuminate/Database/Connection.php(959): Illuminate\\Database\\Connection->getPdo()
#7 /mnt/c/xampp/htdocs/my-client/ar-ems/vendor/laravel/framework/src/Illuminate/Database/Connection.php(404): Illuminate\\Database\\Connection->getReadPdo()
#8 /mnt/c/xampp/htdocs/my-client/ar-ems/vendor/laravel/framework/src/Illuminate/Database/Connection.php(330): Illuminate\\Database\\Connection->getPdoForSelect()
#9 /mnt/c/xampp/htdocs/my-client/ar-ems/vendor/laravel/framework/src/Illuminate/Database/Connection.php(662): Illuminate\\Database\\Connection->Illuminate\\Database\\{closure}()
#10 /mnt/c/xampp/htdocs/my-client/ar-ems/vendor/laravel/framework/src/Illuminate/Database/Connection.php(629): Illuminate\\Database\\Connection->runQueryCallback()
#11 /mnt/c/xampp/htdocs/my-client/ar-ems/vendor/laravel/framework/src/Illuminate/Database/Connection.php(338): Illuminate\\Database\\Connection->run()
#12 /mnt/c/xampp/htdocs/my-client/ar-ems/vendor/laravel/framework/src/Illuminate/Database/Query/Builder.php(2159): Illuminate\\Database\\Connection->select()
#13 /mnt/c/xampp/htdocs/my-client/ar-ems/vendor/laravel/framework/src/Illuminate/Database/Query/Builder.php(2147): Illuminate\\Database\\Query\\Builder->runSelect()
#14 /mnt/c/xampp/htdocs/my-client/ar-ems/vendor/laravel/framework/src/Illuminate/Database/Query/Builder.php(2619): Illuminate\\Database\\Query\\Builder->Illuminate\\Database\\Query\\{closure}()
#15 /mnt/c/xampp/htdocs/my-client/ar-ems/vendor/laravel/framework/src/Illuminate/Database/Query/Builder.php(2148): Illuminate\\Database\\Query\\Builder->onceWithColumns()
#16 /mnt/c/xampp/htdocs/my-client/ar-ems/vendor/laravel/framework/src/Illuminate/Database/Eloquent/Builder.php(546): Illuminate\\Database\\Query\\Builder->get()
#17 /mnt/c/xampp/htdocs/my-client/ar-ems/vendor/laravel/framework/src/Illuminate/Database/Eloquent/Builder.php(530): Illuminate\\Database\\Eloquent\\Builder->getModels()
#18 /mnt/c/xampp/htdocs/my-client/ar-ems/vendor/laravel/framework/src/Illuminate/Support/Traits/ForwardsCalls.php(23): Illuminate\\Database\\Eloquent\\Builder->get()
#19 /mnt/c/xampp/htdocs/my-client/ar-ems/vendor/laravel/framework/src/Illuminate/Database/Eloquent/Model.php(1622): Illuminate\\Database\\Eloquent\\Model->forwardCallTo()
#20 /mnt/c/xampp/htdocs/my-client/ar-ems/vendor/laravel/framework/src/Illuminate/Database/Eloquent/Model.php(1634): Illuminate\\Database\\Eloquent\\Model->__call()
#21 /mnt/c/xampp/htdocs/my-client/ar-ems/app/Console/Kernel.php(33): Illuminate\\Database\\Eloquent\\Model::__callStatic()
#22 /mnt/c/xampp/htdocs/my-client/ar-ems/vendor/laravel/framework/src/Illuminate/Container/BoundMethod.php(36): App\\Console\\Kernel->App\\Console\\{closure}()
#23 /mnt/c/xampp/htdocs/my-client/ar-ems/vendor/laravel/framework/src/Illuminate/Container/BoundMethod.php(36): Closure->__invoke()
#24 /mnt/c/xampp/htdocs/my-client/ar-ems/vendor/laravel/framework/src/Illuminate/Container/Util.php(37): Illuminate\\Container\\BoundMethod::Illuminate\\Container\\{closure}()
#25 /mnt/c/xampp/htdocs/my-client/ar-ems/vendor/laravel/framework/src/Illuminate/Container/BoundMethod.php(93): Illuminate\\Container\\Util::unwrapIfClosure()
#26 /mnt/c/xampp/htdocs/my-client/ar-ems/vendor/laravel/framework/src/Illuminate/Container/BoundMethod.php(37): Illuminate\\Container\\BoundMethod::callBoundMethod()
#27 /mnt/c/xampp/htdocs/my-client/ar-ems/vendor/laravel/framework/src/Illuminate/Container/Container.php(590): Illuminate\\Container\\BoundMethod::call()
#28 /mnt/c/xampp/htdocs/my-client/ar-ems/vendor/laravel/framework/src/Illuminate/Console/Scheduling/CallbackEvent.php(78): Illuminate\\Container\\Container->call()
#29 /mnt/c/xampp/htdocs/my-client/ar-ems/vendor/laravel/framework/src/Illuminate/Console/Scheduling/ScheduleRunCommand.php(130): Illuminate\\Console\\Scheduling\\CallbackEvent->run()
#30 /mnt/c/xampp/htdocs/my-client/ar-ems/vendor/laravel/framework/src/Illuminate/Console/Scheduling/ScheduleRunCommand.php(90): Illuminate\\Console\\Scheduling\\ScheduleRunCommand->runEvent()
#31 /mnt/c/xampp/htdocs/my-client/ar-ems/vendor/laravel/framework/src/Illuminate/Container/BoundMethod.php(36): Illuminate\\Console\\Scheduling\\ScheduleRunCommand->handle()
#32 /mnt/c/xampp/htdocs/my-client/ar-ems/vendor/laravel/framework/src/Illuminate/Container/Util.php(37): Illuminate\\Container\\BoundMethod::Illuminate\\Container\\{closure}()
#33 /mnt/c/xampp/htdocs/my-client/ar-ems/vendor/laravel/framework/src/Illuminate/Container/BoundMethod.php(93): Illuminate\\Container\\Util::unwrapIfClosure()
#34 /mnt/c/xampp/htdocs/my-client/ar-ems/vendor/laravel/framework/src/Illuminate/Container/BoundMethod.php(37): Illuminate\\Container\\BoundMethod::callBoundMethod()
#35 /mnt/c/xampp/htdocs/my-client/ar-ems/vendor/laravel/framework/src/Illuminate/Container/Container.php(590): Illuminate\\Container\\BoundMethod::call()
#36 /mnt/c/xampp/htdocs/my-client/ar-ems/vendor/laravel/framework/src/Illuminate/Console/Command.php(134): Illuminate\\Container\\Container->call()
#37 /mnt/c/xampp/htdocs/my-client/ar-ems/vendor/symfony/console/Command/Command.php(255): Illuminate\\Console\\Command->execute()
#38 /mnt/c/xampp/htdocs/my-client/ar-ems/vendor/laravel/framework/src/Illuminate/Console/Command.php(121): Symfony\\Component\\Console\\Command\\Command->run()
#39 /mnt/c/xampp/htdocs/my-client/ar-ems/vendor/symfony/console/Application.php(1009): Illuminate\\Console\\Command->run()
#40 /mnt/c/xampp/htdocs/my-client/ar-ems/vendor/symfony/console/Application.php(273): Symfony\\Component\\Console\\Application->doRunCommand()
#41 /mnt/c/xampp/htdocs/my-client/ar-ems/vendor/symfony/console/Application.php(149): Symfony\\Component\\Console\\Application->doRun()
#42 /mnt/c/xampp/htdocs/my-client/ar-ems/vendor/laravel/framework/src/Illuminate/Console/Application.php(93): Symfony\\Component\\Console\\Application->run()
#43 /mnt/c/xampp/htdocs/my-client/ar-ems/vendor/laravel/framework/src/Illuminate/Foundation/Console/Kernel.php(131): Illuminate\\Console\\Application->run()
#44 /mnt/c/xampp/htdocs/my-client/ar-ems/artisan(37): Illuminate\\Foundation\\Console\\Kernel->handle()
#45 {main}
"} 
[2021-10-24 09:40:05] local.ERROR: could not find driver (SQL: select count(*) as aggregate from `telescope_entries` where `type` = exception and `family_hash` = 67e8d8aee3ede474c18929df3efa3e1c) {"exception":"[object] (Illuminate\\Database\\QueryException(code: 0): could not find driver (SQL: select count(*) as aggregate from `telescope_entries` where `type` = exception and `family_hash` = 67e8d8aee3ede474c18929df3efa3e1c) at /mnt/c/xampp/htdocs/my-client/ar-ems/vendor/laravel/framework/src/Illuminate/Database/Connection.php:669)
[stacktrace]
#0 /mnt/c/xampp/htdocs/my-client/ar-ems/vendor/laravel/framework/src/Illuminate/Database/Connection.php(629): Illuminate\\Database\\Connection->runQueryCallback()
#1 /mnt/c/xampp/htdocs/my-client/ar-ems/vendor/laravel/framework/src/Illuminate/Database/Connection.php(338): Illuminate\\Database\\Connection->run()
#2 /mnt/c/xampp/htdocs/my-client/ar-ems/vendor/laravel/framework/src/Illuminate/Database/Query/Builder.php(2159): Illuminate\\Database\\Connection->select()
#3 /mnt/c/xampp/htdocs/my-client/ar-ems/vendor/laravel/framework/src/Illuminate/Database/Query/Builder.php(2147): Illuminate\\Database\\Query\\Builder->runSelect()
#4 /mnt/c/xampp/htdocs/my-client/ar-ems/vendor/laravel/framework/src/Illuminate/Database/Query/Builder.php(2619): Illuminate\\Database\\Query\\Builder->Illuminate\\Database\\Query\\{closure}()
#5 /mnt/c/xampp/htdocs/my-client/ar-ems/vendor/laravel/framework/src/Illuminate/Database/Query/Builder.php(2148): Illuminate\\Database\\Query\\Builder->onceWithColumns()
#6 /mnt/c/xampp/htdocs/my-client/ar-ems/vendor/laravel/framework/src/Illuminate/Database/Query/Builder.php(2546): Illuminate\\Database\\Query\\Builder->get()
#7 /mnt/c/xampp/htdocs/my-client/ar-ems/vendor/laravel/framework/src/Illuminate/Database/Query/Builder.php(2474): Illuminate\\Database\\Query\\Builder->aggregate()
#8 /mnt/c/xampp/htdocs/my-client/ar-ems/vendor/laravel/telescope/src/Storage/DatabaseEntriesRepository.php(122): Illuminate\\Database\\Query\\Builder->count()
#9 /mnt/c/xampp/htdocs/my-client/ar-ems/vendor/laravel/telescope/src/Storage/DatabaseEntriesRepository.php(164): Laravel\\Telescope\\Storage\\DatabaseEntriesRepository->countExceptionOccurences()
#10 [internal function]: Laravel\\Telescope\\Storage\\DatabaseEntriesRepository->Laravel\\Telescope\\Storage\\{closure}()
#11 /mnt/c/xampp/htdocs/my-client/ar-ems/vendor/laravel/framework/src/Illuminate/Support/Collection.php(638): array_map()
#12 /mnt/c/xampp/htdocs/my-client/ar-ems/vendor/laravel/telescope/src/Storage/DatabaseEntriesRepository.php(177): Illuminate\\Support\\Collection->map()
#13 /mnt/c/xampp/htdocs/my-client/ar-ems/vendor/laravel/framework/src/Illuminate/Support/Traits/EnumeratesValues.php(176): Laravel\\Telescope\\Storage\\DatabaseEntriesRepository->Laravel\\Telescope\\Storage\\{closure}()
#14 /mnt/c/xampp/htdocs/my-client/ar-ems/vendor/laravel/telescope/src/Storage/DatabaseEntriesRepository.php(178): Illuminate\\Support\\Collection->each()
#15 /mnt/c/xampp/htdocs/my-client/ar-ems/vendor/laravel/telescope/src/Storage/DatabaseEntriesRepository.php(139): Laravel\\Telescope\\Storage\\DatabaseEntriesRepository->storeExceptions()
#16 /mnt/c/xampp/htdocs/my-client/ar-ems/vendor/laravel/telescope/src/Telescope.php(567): Laravel\\Telescope\\Storage\\DatabaseEntriesRepository->store()
#17 /mnt/c/xampp/htdocs/my-client/ar-ems/vendor/laravel/telescope/src/ListensForStorageOpportunities.php(44): Laravel\\Telescope\\Telescope::store()
#18 /mnt/c/xampp/htdocs/my-client/ar-ems/vendor/laravel/framework/src/Illuminate/Container/BoundMethod.php(36): Laravel\\Telescope\\Telescope::Laravel\\Telescope\\{closure}()
#19 /mnt/c/xampp/htdocs/my-client/ar-ems/vendor/laravel/framework/src/Illuminate/Container/Util.php(37): Illuminate\\Container\\BoundMethod::Illuminate\\Container\\{closure}()
#20 /mnt/c/xampp/htdocs/my-client/ar-ems/vendor/laravel/framework/src/Illuminate/Container/BoundMethod.php(81): Illuminate\\Container\\Util::unwrapIfClosure()
#21 /mnt/c/xampp/htdocs/my-client/ar-ems/vendor/laravel/framework/src/Illuminate/Container/BoundMethod.php(37): Illuminate\\Container\\BoundMethod::callBoundMethod()
#22 /mnt/c/xampp/htdocs/my-client/ar-ems/vendor/laravel/framework/src/Illuminate/Container/Container.php(590): Illuminate\\Container\\BoundMethod::call()
#23 /mnt/c/xampp/htdocs/my-client/ar-ems/vendor/laravel/framework/src/Illuminate/Foundation/Application.php(1067): Illuminate\\Container\\Container->call()
#24 /mnt/c/xampp/htdocs/my-client/ar-ems/vendor/laravel/framework/src/Illuminate/Foundation/Console/Kernel.php(158): Illuminate\\Foundation\\Application->terminate()
#25 /mnt/c/xampp/htdocs/my-client/ar-ems/artisan(51): Illuminate\\Foundation\\Console\\Kernel->terminate()
#26 {main}

[previous exception] [object] (PDOException(code: 0): could not find driver at /mnt/c/xampp/htdocs/my-client/ar-ems/vendor/laravel/framework/src/Illuminate/Database/Connectors/Connector.php:70)
[stacktrace]
#0 /mnt/c/xampp/htdocs/my-client/ar-ems/vendor/laravel/framework/src/Illuminate/Database/Connectors/Connector.php(70): PDO->__construct()
#1 /mnt/c/xampp/htdocs/my-client/ar-ems/vendor/laravel/framework/src/Illuminate/Database/Connectors/Connector.php(46): Illuminate\\Database\\Connectors\\Connector->createPdoConnection()
#2 /mnt/c/xampp/htdocs/my-client/ar-ems/vendor/laravel/framework/src/Illuminate/Database/Connectors/MySqlConnector.php(24): Illuminate\\Database\\Connectors\\Connector->createConnection()
#3 /mnt/c/xampp/htdocs/my-client/ar-ems/vendor/laravel/framework/src/Illuminate/Database/Connectors/ConnectionFactory.php(182): Illuminate\\Database\\Connectors\\MySqlConnector->connect()
#4 [internal function]: Illuminate\\Database\\Connectors\\ConnectionFactory->Illuminate\\Database\\Connectors\\{closure}()
#5 /mnt/c/xampp/htdocs/my-client/ar-ems/vendor/laravel/framework/src/Illuminate/Database/Connection.php(924): call_user_func()
#6 /mnt/c/xampp/htdocs/my-client/ar-ems/vendor/laravel/framework/src/Illuminate/Database/Connection.php(959): Illuminate\\Database\\Connection->getPdo()
#7 /mnt/c/xampp/htdocs/my-client/ar-ems/vendor/laravel/framework/src/Illuminate/Database/Connection.php(404): Illuminate\\Database\\Connection->getReadPdo()
#8 /mnt/c/xampp/htdocs/my-client/ar-ems/vendor/laravel/framework/src/Illuminate/Database/Connection.php(330): Illuminate\\Database\\Connection->getPdoForSelect()
#9 /mnt/c/xampp/htdocs/my-client/ar-ems/vendor/laravel/framework/src/Illuminate/Database/Connection.php(662): Illuminate\\Database\\Connection->Illuminate\\Database\\{closure}()
#10 /mnt/c/xampp/htdocs/my-client/ar-ems/vendor/laravel/framework/src/Illuminate/Database/Connection.php(629): Illuminate\\Database\\Connection->runQueryCallback()
#11 /mnt/c/xampp/htdocs/my-client/ar-ems/vendor/laravel/framework/src/Illuminate/Database/Connection.php(338): Illuminate\\Database\\Connection->run()
#12 /mnt/c/xampp/htdocs/my-client/ar-ems/vendor/laravel/framework/src/Illuminate/Database/Query/Builder.php(2159): Illuminate\\Database\\Connection->select()
#13 /mnt/c/xampp/htdocs/my-client/ar-ems/vendor/laravel/framework/src/Illuminate/Database/Query/Builder.php(2147): Illuminate\\Database\\Query\\Builder->runSelect()
#14 /mnt/c/xampp/htdocs/my-client/ar-ems/vendor/laravel/framework/src/Illuminate/Database/Query/Builder.php(2619): Illuminate\\Database\\Query\\Builder->Illuminate\\Database\\Query\\{closure}()
#15 /mnt/c/xampp/htdocs/my-client/ar-ems/vendor/laravel/framework/src/Illuminate/Database/Query/Builder.php(2148): Illuminate\\Database\\Query\\Builder->onceWithColumns()
#16 /mnt/c/xampp/htdocs/my-client/ar-ems/vendor/laravel/framework/src/Illuminate/Database/Query/Builder.php(2546): Illuminate\\Database\\Query\\Builder->get()
#17 /mnt/c/xampp/htdocs/my-client/ar-ems/vendor/laravel/framework/src/Illuminate/Database/Query/Builder.php(2474): Illuminate\\Database\\Query\\Builder->aggregate()
#18 /mnt/c/xampp/htdocs/my-client/ar-ems/vendor/laravel/telescope/src/Storage/DatabaseEntriesRepository.php(122): Illuminate\\Database\\Query\\Builder->count()
#19 /mnt/c/xampp/htdocs/my-client/ar-ems/vendor/laravel/telescope/src/Storage/DatabaseEntriesRepository.php(164): Laravel\\Telescope\\Storage\\DatabaseEntriesRepository->countExceptionOccurences()
#20 [internal function]: Laravel\\Telescope\\Storage\\DatabaseEntriesRepository->Laravel\\Telescope\\Storage\\{closure}()
#21 /mnt/c/xampp/htdocs/my-client/ar-ems/vendor/laravel/framework/src/Illuminate/Support/Collection.php(638): array_map()
#22 /mnt/c/xampp/htdocs/my-client/ar-ems/vendor/laravel/telescope/src/Storage/DatabaseEntriesRepository.php(177): Illuminate\\Support\\Collection->map()
#23 /mnt/c/xampp/htdocs/my-client/ar-ems/vendor/laravel/framework/src/Illuminate/Support/Traits/EnumeratesValues.php(176): Laravel\\Telescope\\Storage\\DatabaseEntriesRepository->Laravel\\Telescope\\Storage\\{closure}()
#24 /mnt/c/xampp/htdocs/my-client/ar-ems/vendor/laravel/telescope/src/Storage/DatabaseEntriesRepository.php(178): Illuminate\\Support\\Collection->each()
#25 /mnt/c/xampp/htdocs/my-client/ar-ems/vendor/laravel/telescope/src/Storage/DatabaseEntriesRepository.php(139): Laravel\\Telescope\\Storage\\DatabaseEntriesRepository->storeExceptions()
#26 /mnt/c/xampp/htdocs/my-client/ar-ems/vendor/laravel/telescope/src/Telescope.php(567): Laravel\\Telescope\\Storage\\DatabaseEntriesRepository->store()
#27 /mnt/c/xampp/htdocs/my-client/ar-ems/vendor/laravel/telescope/src/ListensForStorageOpportunities.php(44): Laravel\\Telescope\\Telescope::store()
#28 /mnt/c/xampp/htdocs/my-client/ar-ems/vendor/laravel/framework/src/Illuminate/Container/BoundMethod.php(36): Laravel\\Telescope\\Telescope::Laravel\\Telescope\\{closure}()
#29 /mnt/c/xampp/htdocs/my-client/ar-ems/vendor/laravel/framework/src/Illuminate/Container/Util.php(37): Illuminate\\Container\\BoundMethod::Illuminate\\Container\\{closure}()
#30 /mnt/c/xampp/htdocs/my-client/ar-ems/vendor/laravel/framework/src/Illuminate/Container/BoundMethod.php(81): Illuminate\\Container\\Util::unwrapIfClosure()
#31 /mnt/c/xampp/htdocs/my-client/ar-ems/vendor/laravel/framework/src/Illuminate/Container/BoundMethod.php(37): Illuminate\\Container\\BoundMethod::callBoundMethod()
#32 /mnt/c/xampp/htdocs/my-client/ar-ems/vendor/laravel/framework/src/Illuminate/Container/Container.php(590): Illuminate\\Container\\BoundMethod::call()
#33 /mnt/c/xampp/htdocs/my-client/ar-ems/vendor/laravel/framework/src/Illuminate/Foundation/Application.php(1067): Illuminate\\Container\\Container->call()
#34 /mnt/c/xampp/htdocs/my-client/ar-ems/vendor/laravel/framework/src/Illuminate/Foundation/Console/Kernel.php(158): Illuminate\\Foundation\\Application->terminate()
#35 /mnt/c/xampp/htdocs/my-client/ar-ems/artisan(51): Illuminate\\Foundation\\Console\\Kernel->terminate()
#36 {main}
"} 
[2021-10-24 09:41:14] local.ERROR: SQLSTATE[HY000] [2002] Connection refused (SQL: select * from `elections` where `elections`.`deleted_at` is null) {"exception":"[object] (Illuminate\\Database\\QueryException(code: 2002): SQLSTATE[HY000] [2002] Connection refused (SQL: select * from `elections` where `elections`.`deleted_at` is null) at /mnt/c/xampp/htdocs/my-client/ar-ems/vendor/laravel/framework/src/Illuminate/Database/Connection.php:669)
[stacktrace]
#0 /mnt/c/xampp/htdocs/my-client/ar-ems/vendor/laravel/framework/src/Illuminate/Database/Connection.php(743): Illuminate\\Database\\Connection->runQueryCallback()
#1 /mnt/c/xampp/htdocs/my-client/ar-ems/vendor/laravel/framework/src/Illuminate/Database/Connection.php(723): Illuminate\\Database\\Connection->tryAgainIfCausedByLostConnection()
#2 /mnt/c/xampp/htdocs/my-client/ar-ems/vendor/laravel/framework/src/Illuminate/Database/Connection.php(632): Illuminate\\Database\\Connection->handleQueryException()
#3 /mnt/c/xampp/htdocs/my-client/ar-ems/vendor/laravel/framework/src/Illuminate/Database/Connection.php(338): Illuminate\\Database\\Connection->run()
#4 /mnt/c/xampp/htdocs/my-client/ar-ems/vendor/laravel/framework/src/Illuminate/Database/Query/Builder.php(2159): Illuminate\\Database\\Connection->select()
#5 /mnt/c/xampp/htdocs/my-client/ar-ems/vendor/laravel/framework/src/Illuminate/Database/Query/Builder.php(2147): Illuminate\\Database\\Query\\Builder->runSelect()
#6 /mnt/c/xampp/htdocs/my-client/ar-ems/vendor/laravel/framework/src/Illuminate/Database/Query/Builder.php(2619): Illuminate\\Database\\Query\\Builder->Illuminate\\Database\\Query\\{closure}()
#7 /mnt/c/xampp/htdocs/my-client/ar-ems/vendor/laravel/framework/src/Illuminate/Database/Query/Builder.php(2148): Illuminate\\Database\\Query\\Builder->onceWithColumns()
#8 /mnt/c/xampp/htdocs/my-client/ar-ems/vendor/laravel/framework/src/Illuminate/Database/Eloquent/Builder.php(546): Illuminate\\Database\\Query\\Builder->get()
#9 /mnt/c/xampp/htdocs/my-client/ar-ems/vendor/laravel/framework/src/Illuminate/Database/Eloquent/Builder.php(530): Illuminate\\Database\\Eloquent\\Builder->getModels()
#10 /mnt/c/xampp/htdocs/my-client/ar-ems/vendor/laravel/framework/src/Illuminate/Support/Traits/ForwardsCalls.php(23): Illuminate\\Database\\Eloquent\\Builder->get()
#11 /mnt/c/xampp/htdocs/my-client/ar-ems/vendor/laravel/framework/src/Illuminate/Database/Eloquent/Model.php(1622): Illuminate\\Database\\Eloquent\\Model->forwardCallTo()
#12 /mnt/c/xampp/htdocs/my-client/ar-ems/vendor/laravel/framework/src/Illuminate/Database/Eloquent/Model.php(1634): Illuminate\\Database\\Eloquent\\Model->__call()
#13 /mnt/c/xampp/htdocs/my-client/ar-ems/app/Console/Kernel.php(33): Illuminate\\Database\\Eloquent\\Model::__callStatic()
#14 /mnt/c/xampp/htdocs/my-client/ar-ems/vendor/laravel/framework/src/Illuminate/Container/BoundMethod.php(36): App\\Console\\Kernel->App\\Console\\{closure}()
#15 /mnt/c/xampp/htdocs/my-client/ar-ems/vendor/laravel/framework/src/Illuminate/Container/BoundMethod.php(36): Closure->__invoke()
#16 /mnt/c/xampp/htdocs/my-client/ar-ems/vendor/laravel/framework/src/Illuminate/Container/Util.php(37): Illuminate\\Container\\BoundMethod::Illuminate\\Container\\{closure}()
#17 /mnt/c/xampp/htdocs/my-client/ar-ems/vendor/laravel/framework/src/Illuminate/Container/BoundMethod.php(93): Illuminate\\Container\\Util::unwrapIfClosure()
#18 /mnt/c/xampp/htdocs/my-client/ar-ems/vendor/laravel/framework/src/Illuminate/Container/BoundMethod.php(37): Illuminate\\Container\\BoundMethod::callBoundMethod()
#19 /mnt/c/xampp/htdocs/my-client/ar-ems/vendor/laravel/framework/src/Illuminate/Container/Container.php(590): Illuminate\\Container\\BoundMethod::call()
#20 /mnt/c/xampp/htdocs/my-client/ar-ems/vendor/laravel/framework/src/Illuminate/Console/Scheduling/CallbackEvent.php(78): Illuminate\\Container\\Container->call()
#21 /mnt/c/xampp/htdocs/my-client/ar-ems/vendor/laravel/framework/src/Illuminate/Console/Scheduling/ScheduleRunCommand.php(130): Illuminate\\Console\\Scheduling\\CallbackEvent->run()
#22 /mnt/c/xampp/htdocs/my-client/ar-ems/vendor/laravel/framework/src/Illuminate/Console/Scheduling/ScheduleRunCommand.php(90): Illuminate\\Console\\Scheduling\\ScheduleRunCommand->runEvent()
#23 /mnt/c/xampp/htdocs/my-client/ar-ems/vendor/laravel/framework/src/Illuminate/Container/BoundMethod.php(36): Illuminate\\Console\\Scheduling\\ScheduleRunCommand->handle()
#24 /mnt/c/xampp/htdocs/my-client/ar-ems/vendor/laravel/framework/src/Illuminate/Container/Util.php(37): Illuminate\\Container\\BoundMethod::Illuminate\\Container\\{closure}()
#25 /mnt/c/xampp/htdocs/my-client/ar-ems/vendor/laravel/framework/src/Illuminate/Container/BoundMethod.php(93): Illuminate\\Container\\Util::unwrapIfClosure()
#26 /mnt/c/xampp/htdocs/my-client/ar-ems/vendor/laravel/framework/src/Illuminate/Container/BoundMethod.php(37): Illuminate\\Container\\BoundMethod::callBoundMethod()
#27 /mnt/c/xampp/htdocs/my-client/ar-ems/vendor/laravel/framework/src/Illuminate/Container/Container.php(590): Illuminate\\Container\\BoundMethod::call()
#28 /mnt/c/xampp/htdocs/my-client/ar-ems/vendor/laravel/framework/src/Illuminate/Console/Command.php(134): Illuminate\\Container\\Container->call()
#29 /mnt/c/xampp/htdocs/my-client/ar-ems/vendor/symfony/console/Command/Command.php(255): Illuminate\\Console\\Command->execute()
#30 /mnt/c/xampp/htdocs/my-client/ar-ems/vendor/laravel/framework/src/Illuminate/Console/Command.php(121): Symfony\\Component\\Console\\Command\\Command->run()
#31 /mnt/c/xampp/htdocs/my-client/ar-ems/vendor/symfony/console/Application.php(1009): Illuminate\\Console\\Command->run()
#32 /mnt/c/xampp/htdocs/my-client/ar-ems/vendor/symfony/console/Application.php(273): Symfony\\Component\\Console\\Application->doRunCommand()
#33 /mnt/c/xampp/htdocs/my-client/ar-ems/vendor/symfony/console/Application.php(149): Symfony\\Component\\Console\\Application->doRun()
#34 /mnt/c/xampp/htdocs/my-client/ar-ems/vendor/laravel/framework/src/Illuminate/Console/Application.php(93): Symfony\\Component\\Console\\Application->run()
#35 /mnt/c/xampp/htdocs/my-client/ar-ems/vendor/laravel/framework/src/Illuminate/Foundation/Console/Kernel.php(131): Illuminate\\Console\\Application->run()
#36 /mnt/c/xampp/htdocs/my-client/ar-ems/artisan(37): Illuminate\\Foundation\\Console\\Kernel->handle()
#37 {main}

[previous exception] [object] (PDOException(code: 2002): SQLSTATE[HY000] [2002] Connection refused at /mnt/c/xampp/htdocs/my-client/ar-ems/vendor/laravel/framework/src/Illuminate/Database/Connectors/Connector.php:70)
[stacktrace]
#0 /mnt/c/xampp/htdocs/my-client/ar-ems/vendor/laravel/framework/src/Illuminate/Database/Connectors/Connector.php(70): PDO->__construct()
#1 /mnt/c/xampp/htdocs/my-client/ar-ems/vendor/laravel/framework/src/Illuminate/Database/Connectors/Connector.php(100): Illuminate\\Database\\Connectors\\Connector->createPdoConnection()
#2 /mnt/c/xampp/htdocs/my-client/ar-ems/vendor/laravel/framework/src/Illuminate/Database/Connectors/Connector.php(50): Illuminate\\Database\\Connectors\\Connector->tryAgainIfCausedByLostConnection()
#3 /mnt/c/xampp/htdocs/my-client/ar-ems/vendor/laravel/framework/src/Illuminate/Database/Connectors/MySqlConnector.php(24): Illuminate\\Database\\Connectors\\Connector->createConnection()
#4 /mnt/c/xampp/htdocs/my-client/ar-ems/vendor/laravel/framework/src/Illuminate/Database/Connectors/ConnectionFactory.php(182): Illuminate\\Database\\Connectors\\MySqlConnector->connect()
#5 [internal function]: Illuminate\\Database\\Connectors\\ConnectionFactory->Illuminate\\Database\\Connectors\\{closure}()
#6 /mnt/c/xampp/htdocs/my-client/ar-ems/vendor/laravel/framework/src/Illuminate/Database/Connection.php(924): call_user_func()
#7 /mnt/c/xampp/htdocs/my-client/ar-ems/vendor/laravel/framework/src/Illuminate/Database/Connection.php(959): Illuminate\\Database\\Connection->getPdo()
#8 /mnt/c/xampp/htdocs/my-client/ar-ems/vendor/laravel/framework/src/Illuminate/Database/Connection.php(404): Illuminate\\Database\\Connection->getReadPdo()
#9 /mnt/c/xampp/htdocs/my-client/ar-ems/vendor/laravel/framework/src/Illuminate/Database/Connection.php(330): Illuminate\\Database\\Connection->getPdoForSelect()
#10 /mnt/c/xampp/htdocs/my-client/ar-ems/vendor/laravel/framework/src/Illuminate/Database/Connection.php(662): Illuminate\\Database\\Connection->Illuminate\\Database\\{closure}()
#11 /mnt/c/xampp/htdocs/my-client/ar-ems/vendor/laravel/framework/src/Illuminate/Database/Connection.php(743): Illuminate\\Database\\Connection->runQueryCallback()
#12 /mnt/c/xampp/htdocs/my-client/ar-ems/vendor/laravel/framework/src/Illuminate/Database/Connection.php(723): Illuminate\\Database\\Connection->tryAgainIfCausedByLostConnection()
#13 /mnt/c/xampp/htdocs/my-client/ar-ems/vendor/laravel/framework/src/Illuminate/Database/Connection.php(632): Illuminate\\Database\\Connection->handleQueryException()
#14 /mnt/c/xampp/htdocs/my-client/ar-ems/vendor/laravel/framework/src/Illuminate/Database/Connection.php(338): Illuminate\\Database\\Connection->run()
#15 /mnt/c/xampp/htdocs/my-client/ar-ems/vendor/laravel/framework/src/Illuminate/Database/Query/Builder.php(2159): Illuminate\\Database\\Connection->select()
#16 /mnt/c/xampp/htdocs/my-client/ar-ems/vendor/laravel/framework/src/Illuminate/Database/Query/Builder.php(2147): Illuminate\\Database\\Query\\Builder->runSelect()
#17 /mnt/c/xampp/htdocs/my-client/ar-ems/vendor/laravel/framework/src/Illuminate/Database/Query/Builder.php(2619): Illuminate\\Database\\Query\\Builder->Illuminate\\Database\\Query\\{closure}()
#18 /mnt/c/xampp/htdocs/my-client/ar-ems/vendor/laravel/framework/src/Illuminate/Database/Query/Builder.php(2148): Illuminate\\Database\\Query\\Builder->onceWithColumns()
#19 /mnt/c/xampp/htdocs/my-client/ar-ems/vendor/laravel/framework/src/Illuminate/Database/Eloquent/Builder.php(546): Illuminate\\Database\\Query\\Builder->get()
#20 /mnt/c/xampp/htdocs/my-client/ar-ems/vendor/laravel/framework/src/Illuminate/Database/Eloquent/Builder.php(530): Illuminate\\Database\\Eloquent\\Builder->getModels()
#21 /mnt/c/xampp/htdocs/my-client/ar-ems/vendor/laravel/framework/src/Illuminate/Support/Traits/ForwardsCalls.php(23): Illuminate\\Database\\Eloquent\\Builder->get()
#22 /mnt/c/xampp/htdocs/my-client/ar-ems/vendor/laravel/framework/src/Illuminate/Database/Eloquent/Model.php(1622): Illuminate\\Database\\Eloquent\\Model->forwardCallTo()
#23 /mnt/c/xampp/htdocs/my-client/ar-ems/vendor/laravel/framework/src/Illuminate/Database/Eloquent/Model.php(1634): Illuminate\\Database\\Eloquent\\Model->__call()
#24 /mnt/c/xampp/htdocs/my-client/ar-ems/app/Console/Kernel.php(33): Illuminate\\Database\\Eloquent\\Model::__callStatic()
#25 /mnt/c/xampp/htdocs/my-client/ar-ems/vendor/laravel/framework/src/Illuminate/Container/BoundMethod.php(36): App\\Console\\Kernel->App\\Console\\{closure}()
#26 /mnt/c/xampp/htdocs/my-client/ar-ems/vendor/laravel/framework/src/Illuminate/Container/BoundMethod.php(36): Closure->__invoke()
#27 /mnt/c/xampp/htdocs/my-client/ar-ems/vendor/laravel/framework/src/Illuminate/Container/Util.php(37): Illuminate\\Container\\BoundMethod::Illuminate\\Container\\{closure}()
#28 /mnt/c/xampp/htdocs/my-client/ar-ems/vendor/laravel/framework/src/Illuminate/Container/BoundMethod.php(93): Illuminate\\Container\\Util::unwrapIfClosure()
#29 /mnt/c/xampp/htdocs/my-client/ar-ems/vendor/laravel/framework/src/Illuminate/Container/BoundMethod.php(37): Illuminate\\Container\\BoundMethod::callBoundMethod()
#30 /mnt/c/xampp/htdocs/my-client/ar-ems/vendor/laravel/framework/src/Illuminate/Container/Container.php(590): Illuminate\\Container\\BoundMethod::call()
#31 /mnt/c/xampp/htdocs/my-client/ar-ems/vendor/laravel/framework/src/Illuminate/Console/Scheduling/CallbackEvent.php(78): Illuminate\\Container\\Container->call()
#32 /mnt/c/xampp/htdocs/my-client/ar-ems/vendor/laravel/framework/src/Illuminate/Console/Scheduling/ScheduleRunCommand.php(130): Illuminate\\Console\\Scheduling\\CallbackEvent->run()
#33 /mnt/c/xampp/htdocs/my-client/ar-ems/vendor/laravel/framework/src/Illuminate/Console/Scheduling/ScheduleRunCommand.php(90): Illuminate\\Console\\Scheduling\\ScheduleRunCommand->runEvent()
#34 /mnt/c/xampp/htdocs/my-client/ar-ems/vendor/laravel/framework/src/Illuminate/Container/BoundMethod.php(36): Illuminate\\Console\\Scheduling\\ScheduleRunCommand->handle()
#35 /mnt/c/xampp/htdocs/my-client/ar-ems/vendor/laravel/framework/src/Illuminate/Container/Util.php(37): Illuminate\\Container\\BoundMethod::Illuminate\\Container\\{closure}()
#36 /mnt/c/xampp/htdocs/my-client/ar-ems/vendor/laravel/framework/src/Illuminate/Container/BoundMethod.php(93): Illuminate\\Container\\Util::unwrapIfClosure()
#37 /mnt/c/xampp/htdocs/my-client/ar-ems/vendor/laravel/framework/src/Illuminate/Container/BoundMethod.php(37): Illuminate\\Container\\BoundMethod::callBoundMethod()
#38 /mnt/c/xampp/htdocs/my-client/ar-ems/vendor/laravel/framework/src/Illuminate/Container/Container.php(590): Illuminate\\Container\\BoundMethod::call()
#39 /mnt/c/xampp/htdocs/my-client/ar-ems/vendor/laravel/framework/src/Illuminate/Console/Command.php(134): Illuminate\\Container\\Container->call()
#40 /mnt/c/xampp/htdocs/my-client/ar-ems/vendor/symfony/console/Command/Command.php(255): Illuminate\\Console\\Command->execute()
#41 /mnt/c/xampp/htdocs/my-client/ar-ems/vendor/laravel/framework/src/Illuminate/Console/Command.php(121): Symfony\\Component\\Console\\Command\\Command->run()
#42 /mnt/c/xampp/htdocs/my-client/ar-ems/vendor/symfony/console/Application.php(1009): Illuminate\\Console\\Command->run()
#43 /mnt/c/xampp/htdocs/my-client/ar-ems/vendor/symfony/console/Application.php(273): Symfony\\Component\\Console\\Application->doRunCommand()
#44 /mnt/c/xampp/htdocs/my-client/ar-ems/vendor/symfony/console/Application.php(149): Symfony\\Component\\Console\\Application->doRun()
#45 /mnt/c/xampp/htdocs/my-client/ar-ems/vendor/laravel/framework/src/Illuminate/Console/Application.php(93): Symfony\\Component\\Console\\Application->run()
#46 /mnt/c/xampp/htdocs/my-client/ar-ems/vendor/laravel/framework/src/Illuminate/Foundation/Console/Kernel.php(131): Illuminate\\Console\\Application->run()
#47 /mnt/c/xampp/htdocs/my-client/ar-ems/artisan(37): Illuminate\\Foundation\\Console\\Kernel->handle()
#48 {main}
"} 
[2021-10-24 09:41:14] local.ERROR: SQLSTATE[HY000] [2002] Connection refused (SQL: select count(*) as aggregate from `telescope_entries` where `type` = exception and `family_hash` = 67e8d8aee3ede474c18929df3efa3e1c) {"exception":"[object] (Illuminate\\Database\\QueryException(code: 2002): SQLSTATE[HY000] [2002] Connection refused (SQL: select count(*) as aggregate from `telescope_entries` where `type` = exception and `family_hash` = 67e8d8aee3ede474c18929df3efa3e1c) at /mnt/c/xampp/htdocs/my-client/ar-ems/vendor/laravel/framework/src/Illuminate/Database/Connection.php:669)
[stacktrace]
#0 /mnt/c/xampp/htdocs/my-client/ar-ems/vendor/laravel/framework/src/Illuminate/Database/Connection.php(743): Illuminate\\Database\\Connection->runQueryCallback()
#1 /mnt/c/xampp/htdocs/my-client/ar-ems/vendor/laravel/framework/src/Illuminate/Database/Connection.php(723): Illuminate\\Database\\Connection->tryAgainIfCausedByLostConnection()
#2 /mnt/c/xampp/htdocs/my-client/ar-ems/vendor/laravel/framework/src/Illuminate/Database/Connection.php(632): Illuminate\\Database\\Connection->handleQueryException()
#3 /mnt/c/xampp/htdocs/my-client/ar-ems/vendor/laravel/framework/src/Illuminate/Database/Connection.php(338): Illuminate\\Database\\Connection->run()
#4 /mnt/c/xampp/htdocs/my-client/ar-ems/vendor/laravel/framework/src/Illuminate/Database/Query/Builder.php(2159): Illuminate\\Database\\Connection->select()
#5 /mnt/c/xampp/htdocs/my-client/ar-ems/vendor/laravel/framework/src/Illuminate/Database/Query/Builder.php(2147): Illuminate\\Database\\Query\\Builder->runSelect()
#6 /mnt/c/xampp/htdocs/my-client/ar-ems/vendor/laravel/framework/src/Illuminate/Database/Query/Builder.php(2619): Illuminate\\Database\\Query\\Builder->Illuminate\\Database\\Query\\{closure}()
#7 /mnt/c/xampp/htdocs/my-client/ar-ems/vendor/laravel/framework/src/Illuminate/Database/Query/Builder.php(2148): Illuminate\\Database\\Query\\Builder->onceWithColumns()
#8 /mnt/c/xampp/htdocs/my-client/ar-ems/vendor/laravel/framework/src/Illuminate/Database/Query/Builder.php(2546): Illuminate\\Database\\Query\\Builder->get()
#9 /mnt/c/xampp/htdocs/my-client/ar-ems/vendor/laravel/framework/src/Illuminate/Database/Query/Builder.php(2474): Illuminate\\Database\\Query\\Builder->aggregate()
#10 /mnt/c/xampp/htdocs/my-client/ar-ems/vendor/laravel/telescope/src/Storage/DatabaseEntriesRepository.php(122): Illuminate\\Database\\Query\\Builder->count()
#11 /mnt/c/xampp/htdocs/my-client/ar-ems/vendor/laravel/telescope/src/Storage/DatabaseEntriesRepository.php(164): Laravel\\Telescope\\Storage\\DatabaseEntriesRepository->countExceptionOccurences()
#12 [internal function]: Laravel\\Telescope\\Storage\\DatabaseEntriesRepository->Laravel\\Telescope\\Storage\\{closure}()
#13 /mnt/c/xampp/htdocs/my-client/ar-ems/vendor/laravel/framework/src/Illuminate/Support/Collection.php(638): array_map()
#14 /mnt/c/xampp/htdocs/my-client/ar-ems/vendor/laravel/telescope/src/Storage/DatabaseEntriesRepository.php(177): Illuminate\\Support\\Collection->map()
#15 /mnt/c/xampp/htdocs/my-client/ar-ems/vendor/laravel/framework/src/Illuminate/Support/Traits/EnumeratesValues.php(176): Laravel\\Telescope\\Storage\\DatabaseEntriesRepository->Laravel\\Telescope\\Storage\\{closure}()
#16 /mnt/c/xampp/htdocs/my-client/ar-ems/vendor/laravel/telescope/src/Storage/DatabaseEntriesRepository.php(178): Illuminate\\Support\\Collection->each()
#17 /mnt/c/xampp/htdocs/my-client/ar-ems/vendor/laravel/telescope/src/Storage/DatabaseEntriesRepository.php(139): Laravel\\Telescope\\Storage\\DatabaseEntriesRepository->storeExceptions()
#18 /mnt/c/xampp/htdocs/my-client/ar-ems/vendor/laravel/telescope/src/Telescope.php(567): Laravel\\Telescope\\Storage\\DatabaseEntriesRepository->store()
#19 /mnt/c/xampp/htdocs/my-client/ar-ems/vendor/laravel/telescope/src/ListensForStorageOpportunities.php(44): Laravel\\Telescope\\Telescope::store()
#20 /mnt/c/xampp/htdocs/my-client/ar-ems/vendor/laravel/framework/src/Illuminate/Container/BoundMethod.php(36): Laravel\\Telescope\\Telescope::Laravel\\Telescope\\{closure}()
#21 /mnt/c/xampp/htdocs/my-client/ar-ems/vendor/laravel/framework/src/Illuminate/Container/Util.php(37): Illuminate\\Container\\BoundMethod::Illuminate\\Container\\{closure}()
#22 /mnt/c/xampp/htdocs/my-client/ar-ems/vendor/laravel/framework/src/Illuminate/Container/BoundMethod.php(81): Illuminate\\Container\\Util::unwrapIfClosure()
#23 /mnt/c/xampp/htdocs/my-client/ar-ems/vendor/laravel/framework/src/Illuminate/Container/BoundMethod.php(37): Illuminate\\Container\\BoundMethod::callBoundMethod()
#24 /mnt/c/xampp/htdocs/my-client/ar-ems/vendor/laravel/framework/src/Illuminate/Container/Container.php(590): Illuminate\\Container\\BoundMethod::call()
#25 /mnt/c/xampp/htdocs/my-client/ar-ems/vendor/laravel/framework/src/Illuminate/Foundation/Application.php(1067): Illuminate\\Container\\Container->call()
#26 /mnt/c/xampp/htdocs/my-client/ar-ems/vendor/laravel/framework/src/Illuminate/Foundation/Console/Kernel.php(158): Illuminate\\Foundation\\Application->terminate()
#27 /mnt/c/xampp/htdocs/my-client/ar-ems/artisan(51): Illuminate\\Foundation\\Console\\Kernel->terminate()
#28 {main}

[previous exception] [object] (PDOException(code: 2002): SQLSTATE[HY000] [2002] Connection refused at /mnt/c/xampp/htdocs/my-client/ar-ems/vendor/laravel/framework/src/Illuminate/Database/Connectors/Connector.php:70)
[stacktrace]
#0 /mnt/c/xampp/htdocs/my-client/ar-ems/vendor/laravel/framework/src/Illuminate/Database/Connectors/Connector.php(70): PDO->__construct()
#1 /mnt/c/xampp/htdocs/my-client/ar-ems/vendor/laravel/framework/src/Illuminate/Database/Connectors/Connector.php(100): Illuminate\\Database\\Connectors\\Connector->createPdoConnection()
#2 /mnt/c/xampp/htdocs/my-client/ar-ems/vendor/laravel/framework/src/Illuminate/Database/Connectors/Connector.php(50): Illuminate\\Database\\Connectors\\Connector->tryAgainIfCausedByLostConnection()
#3 /mnt/c/xampp/htdocs/my-client/ar-ems/vendor/laravel/framework/src/Illuminate/Database/Connectors/MySqlConnector.php(24): Illuminate\\Database\\Connectors\\Connector->createConnection()
#4 /mnt/c/xampp/htdocs/my-client/ar-ems/vendor/laravel/framework/src/Illuminate/Database/Connectors/ConnectionFactory.php(182): Illuminate\\Database\\Connectors\\MySqlConnector->connect()
#5 [internal function]: Illuminate\\Database\\Connectors\\ConnectionFactory->Illuminate\\Database\\Connectors\\{closure}()
#6 /mnt/c/xampp/htdocs/my-client/ar-ems/vendor/laravel/framework/src/Illuminate/Database/Connection.php(924): call_user_func()
#7 /mnt/c/xampp/htdocs/my-client/ar-ems/vendor/laravel/framework/src/Illuminate/Database/Connection.php(959): Illuminate\\Database\\Connection->getPdo()
#8 /mnt/c/xampp/htdocs/my-client/ar-ems/vendor/laravel/framework/src/Illuminate/Database/Connection.php(404): Illuminate\\Database\\Connection->getReadPdo()
#9 /mnt/c/xampp/htdocs/my-client/ar-ems/vendor/laravel/framework/src/Illuminate/Database/Connection.php(330): Illuminate\\Database\\Connection->getPdoForSelect()
#10 /mnt/c/xampp/htdocs/my-client/ar-ems/vendor/laravel/framework/src/Illuminate/Database/Connection.php(662): Illuminate\\Database\\Connection->Illuminate\\Database\\{closure}()
#11 /mnt/c/xampp/htdocs/my-client/ar-ems/vendor/laravel/framework/src/Illuminate/Database/Connection.php(743): Illuminate\\Database\\Connection->runQueryCallback()
#12 /mnt/c/xampp/htdocs/my-client/ar-ems/vendor/laravel/framework/src/Illuminate/Database/Connection.php(723): Illuminate\\Database\\Connection->tryAgainIfCausedByLostConnection()
#13 /mnt/c/xampp/htdocs/my-client/ar-ems/vendor/laravel/framework/src/Illuminate/Database/Connection.php(632): Illuminate\\Database\\Connection->handleQueryException()
#14 /mnt/c/xampp/htdocs/my-client/ar-ems/vendor/laravel/framework/src/Illuminate/Database/Connection.php(338): Illuminate\\Database\\Connection->run()
#15 /mnt/c/xampp/htdocs/my-client/ar-ems/vendor/laravel/framework/src/Illuminate/Database/Query/Builder.php(2159): Illuminate\\Database\\Connection->select()
#16 /mnt/c/xampp/htdocs/my-client/ar-ems/vendor/laravel/framework/src/Illuminate/Database/Query/Builder.php(2147): Illuminate\\Database\\Query\\Builder->runSelect()
#17 /mnt/c/xampp/htdocs/my-client/ar-ems/vendor/laravel/framework/src/Illuminate/Database/Query/Builder.php(2619): Illuminate\\Database\\Query\\Builder->Illuminate\\Database\\Query\\{closure}()
#18 /mnt/c/xampp/htdocs/my-client/ar-ems/vendor/laravel/framework/src/Illuminate/Database/Query/Builder.php(2148): Illuminate\\Database\\Query\\Builder->onceWithColumns()
#19 /mnt/c/xampp/htdocs/my-client/ar-ems/vendor/laravel/framework/src/Illuminate/Database/Query/Builder.php(2546): Illuminate\\Database\\Query\\Builder->get()
#20 /mnt/c/xampp/htdocs/my-client/ar-ems/vendor/laravel/framework/src/Illuminate/Database/Query/Builder.php(2474): Illuminate\\Database\\Query\\Builder->aggregate()
#21 /mnt/c/xampp/htdocs/my-client/ar-ems/vendor/laravel/telescope/src/Storage/DatabaseEntriesRepository.php(122): Illuminate\\Database\\Query\\Builder->count()
#22 /mnt/c/xampp/htdocs/my-client/ar-ems/vendor/laravel/telescope/src/Storage/DatabaseEntriesRepository.php(164): Laravel\\Telescope\\Storage\\DatabaseEntriesRepository->countExceptionOccurences()
#23 [internal function]: Laravel\\Telescope\\Storage\\DatabaseEntriesRepository->Laravel\\Telescope\\Storage\\{closure}()
#24 /mnt/c/xampp/htdocs/my-client/ar-ems/vendor/laravel/framework/src/Illuminate/Support/Collection.php(638): array_map()
#25 /mnt/c/xampp/htdocs/my-client/ar-ems/vendor/laravel/telescope/src/Storage/DatabaseEntriesRepository.php(177): Illuminate\\Support\\Collection->map()
#26 /mnt/c/xampp/htdocs/my-client/ar-ems/vendor/laravel/framework/src/Illuminate/Support/Traits/EnumeratesValues.php(176): Laravel\\Telescope\\Storage\\DatabaseEntriesRepository->Laravel\\Telescope\\Storage\\{closure}()
#27 /mnt/c/xampp/htdocs/my-client/ar-ems/vendor/laravel/telescope/src/Storage/DatabaseEntriesRepository.php(178): Illuminate\\Support\\Collection->each()
#28 /mnt/c/xampp/htdocs/my-client/ar-ems/vendor/laravel/telescope/src/Storage/DatabaseEntriesRepository.php(139): Laravel\\Telescope\\Storage\\DatabaseEntriesRepository->storeExceptions()
#29 /mnt/c/xampp/htdocs/my-client/ar-ems/vendor/laravel/telescope/src/Telescope.php(567): Laravel\\Telescope\\Storage\\DatabaseEntriesRepository->store()
#30 /mnt/c/xampp/htdocs/my-client/ar-ems/vendor/laravel/telescope/src/ListensForStorageOpportunities.php(44): Laravel\\Telescope\\Telescope::store()
#31 /mnt/c/xampp/htdocs/my-client/ar-ems/vendor/laravel/framework/src/Illuminate/Container/BoundMethod.php(36): Laravel\\Telescope\\Telescope::Laravel\\Telescope\\{closure}()
#32 /mnt/c/xampp/htdocs/my-client/ar-ems/vendor/laravel/framework/src/Illuminate/Container/Util.php(37): Illuminate\\Container\\BoundMethod::Illuminate\\Container\\{closure}()
#33 /mnt/c/xampp/htdocs/my-client/ar-ems/vendor/laravel/framework/src/Illuminate/Container/BoundMethod.php(81): Illuminate\\Container\\Util::unwrapIfClosure()
#34 /mnt/c/xampp/htdocs/my-client/ar-ems/vendor/laravel/framework/src/Illuminate/Container/BoundMethod.php(37): Illuminate\\Container\\BoundMethod::callBoundMethod()
#35 /mnt/c/xampp/htdocs/my-client/ar-ems/vendor/laravel/framework/src/Illuminate/Container/Container.php(590): Illuminate\\Container\\BoundMethod::call()
#36 /mnt/c/xampp/htdocs/my-client/ar-ems/vendor/laravel/framework/src/Illuminate/Foundation/Application.php(1067): Illuminate\\Container\\Container->call()
#37 /mnt/c/xampp/htdocs/my-client/ar-ems/vendor/laravel/framework/src/Illuminate/Foundation/Console/Kernel.php(158): Illuminate\\Foundation\\Application->terminate()
#38 /mnt/c/xampp/htdocs/my-client/ar-ems/artisan(51): Illuminate\\Foundation\\Console\\Kernel->terminate()
#39 {main}
"} 
